<?xml version="1.0" encoding="UTF-8"?>
<testng-results ignored="0" total="2" passed="2" failed="0" skipped="0">
  <reporter-output>
  </reporter-output>
  <suite started-at="2024-02-19T23:38:05 IST" name="Suite" finished-at="2024-02-19T23:40:24 IST" duration-ms="139491">
    <groups>
    </groups>
    <test started-at="2024-02-19T23:38:05 IST" name="Test" finished-at="2024-02-19T23:40:24 IST" duration-ms="139491">
      <class name="com.tests.CreateLeadsValidation">
        <test-method is-config="true" signature="startReport()[pri:0, instance:com.tests.CreateLeadsValidation@26d9b808]" started-at="2024-02-19T23:38:04 IST" name="startReport" finished-at="2024-02-19T23:38:05 IST" duration-ms="412" status="PASS">
          <reporter-output>
          </reporter-output>
        </test-method> <!-- startReport -->
        <test-method is-config="true" signature="setData()[pri:0, instance:com.tests.CreateLeadsValidation@26d9b808]" started-at="2024-02-19T23:38:05 IST" name="setData" finished-at="2024-02-19T23:38:05 IST" duration-ms="1" status="PASS">
          <reporter-output>
          </reporter-output>
        </test-method> <!-- setData -->
        <test-method is-config="true" signature="testcaseDetails()[pri:0, instance:com.tests.CreateLeadsValidation@26d9b808]" started-at="2024-02-19T23:38:05 IST" name="testcaseDetails" finished-at="2024-02-19T23:38:05 IST" duration-ms="12" status="PASS">
          <reporter-output>
          </reporter-output>
        </test-method> <!-- testcaseDetails -->
        <test-method is-config="true" signature="BeforeMethod(java.lang.String,java.lang.String)[pri:0, instance:com.tests.CreateLeadsValidation@26d9b808]" started-at="2024-02-19T23:38:07 IST" name="BeforeMethod" finished-at="2024-02-19T23:38:35 IST" duration-ms="27501" status="PASS">
          <params>
            <param index="0">
              <value>
                <![CDATA[chrome]]>
              </value>
            </param>
            <param index="1">
              <value>
                <![CDATA[http://leaftaps.com/opentaps/]]>
              </value>
            </param>
          </params>
          <reporter-output>
          </reporter-output>
        </test-method> <!-- BeforeMethod -->
        <test-method signature="test(java.lang.String,java.lang.String,java.lang.String)[pri:0, instance:com.tests.CreateLeadsValidation@26d9b808]" started-at="2024-02-19T23:38:35 IST" name="test" data-provider="loginValidation" finished-at="2024-02-19T23:39:57 IST" duration-ms="82258" status="PASS">
          <params>
            <param index="0">
              <value>
                <![CDATA[DemoSalesManager]]>
              </value>
            </param>
            <param index="1">
              <value>
                <![CDATA[crmsfa]]>
              </value>
            </param>
            <param index="2">
              <value>
                <![CDATA[Cold Call, Conference, Direct Mail, Employee, Existing Customer, Other, Partner, Public Relations, Self Generated, Tradeshow, Website, Word of Mouth]]>
              </value>
            </param>
          </params>
          <reporter-output>
          </reporter-output>
        </test-method> <!-- test -->
        <test-method is-config="true" signature="AfterMethod()[pri:0, instance:com.tests.CreateLeadsValidation@26d9b808]" started-at="2024-02-19T23:39:57 IST" name="AfterMethod" finished-at="2024-02-19T23:39:58 IST" duration-ms="441" status="PASS">
          <reporter-output>
          </reporter-output>
        </test-method> <!-- AfterMethod -->
        <test-method is-config="true" signature="BeforeMethod(java.lang.String,java.lang.String)[pri:0, instance:com.tests.CreateLeadsValidation@26d9b808]" started-at="2024-02-19T23:39:58 IST" name="BeforeMethod" finished-at="2024-02-19T23:40:07 IST" duration-ms="8883" status="PASS">
          <params>
            <param index="0">
              <value>
                <![CDATA[chrome]]>
              </value>
            </param>
            <param index="1">
              <value>
                <![CDATA[http://leaftaps.com/opentaps/]]>
              </value>
            </param>
          </params>
          <reporter-output>
          </reporter-output>
        </test-method> <!-- BeforeMethod -->
        <test-method signature="test(java.lang.String,java.lang.String,java.lang.String)[pri:0, instance:com.tests.CreateLeadsValidation@26d9b808]" started-at="2024-02-19T23:40:07 IST" name="test" data-provider="loginValidation" finished-at="2024-02-19T23:40:23 IST" duration-ms="16453" status="PASS">
          <params>
            <param index="0">
              <value>
                <![CDATA[DemoSalesManager]]>
              </value>
            </param>
            <param index="1">
              <value>
                <![CDATA[crmsfa]]>
              </value>
            </param>
            <param index="2">
              <value>
                <![CDATA[Existing Customer]]>
              </value>
            </param>
          </params>
          <reporter-output>
          </reporter-output>
        </test-method> <!-- test -->
        <test-method is-config="true" signature="AfterMethod()[pri:0, instance:com.tests.CreateLeadsValidation@26d9b808]" started-at="2024-02-19T23:40:23 IST" name="AfterMethod" finished-at="2024-02-19T23:40:24 IST" duration-ms="1328" status="PASS">
          <reporter-output>
          </reporter-output>
        </test-method> <!-- AfterMethod -->
        <test-method is-config="true" signature="stopReport()[pri:0, instance:com.tests.CreateLeadsValidation@26d9b808]" started-at="2024-02-19T23:40:24 IST" name="stopReport" finished-at="2024-02-19T23:40:27 IST" duration-ms="2296" status="PASS">
          <reporter-output>
          </reporter-output>
        </test-method> <!-- stopReport -->
      </class> <!-- com.tests.CreateLeadsValidation -->
    </test> <!-- Test -->
  </suite> <!-- Suite -->
</testng-results>
